[debug] [2025-08-13T06:13:54.221Z] ----------------------------------------------------------------------
[debug] [2025-08-13T06:13:54.226Z] Command:       C:\Program Files\nodejs\node.exe C:\Users\hp\AppData\Roaming\npm\node_modules\firebase-tools\lib\bin\firebase.js init
[debug] [2025-08-13T06:13:54.227Z] CLI Version:   14.12.0
[debug] [2025-08-13T06:13:54.227Z] Platform:      win32
[debug] [2025-08-13T06:13:54.227Z] Node Version:  v20.14.0
[debug] [2025-08-13T06:13:54.228Z] Time:          Wed Aug 13 2025 11:43:54 GMT+0530 (India Standard Time)
[debug] [2025-08-13T06:13:54.228Z] ----------------------------------------------------------------------
[debug] 
[debug] [2025-08-13T06:13:54.241Z] > command requires scopes: ["email","openid","https://www.googleapis.com/auth/cloudplatformprojects.readonly","https://www.googleapis.com/auth/firebase","https://www.googleapis.com/auth/cloud-platform"]
[debug] [2025-08-13T06:13:54.242Z] > authorizing via signed-in user (tiwarisatish711@gmail.com)
[info] 
     ######## #### ########  ######## ########     ###     ######  ########
     ##        ##  ##     ## ##       ##     ##  ##   ##  ##       ##
     ######    ##  ########  ######   ########  #########  ######  ######
     ##        ##  ##    ##  ##       ##     ## ##     ##       ## ##
     ##       #### ##     ## ######## ########  ##     ##  ######  ########

You're about to initialize a Firebase project in this directory:

  C:\Users\hp\OneDrive\Desktop\portfolio

[info] 
=== Project Setup
[info] 
[info] First, let's associate this project directory with a Firebase project.
[info] You can create multiple project aliases by running firebase use --add, 
[info] but for now we'll just set up a default project.
[info] 
[info] i  If you want to create a project in a Google Cloud organization or folder, please use "firebase projects:create" instead, and return to this command when you've created the project. 
